[0.695s] Invoking command in '/home/me597/ME597/me597_lab4/04/task_5': PYTHONPATH=/home/me597/ME597/me597_lab4/build/task_5/prefix_override:/usr/lib/python3/dist-packages/colcon_core/task/python/colcon_distutils_commands:/home/me597/ME597/me597_lab4/install/task_5/lib/python3.10/site-packages:${PYTHONPATH} /usr/bin/python3 -W ignore:setup.py install is deprecated -W ignore:easy_install command is deprecated setup.py egg_info --egg-base ../../build/task_5 build --build-base /home/me597/ME597/me597_lab4/build/task_5/build install --record /home/me597/ME597/me597_lab4/build/task_5/install.log --single-version-externally-managed install_data
[0.948s] running egg_info
[0.948s] writing ../../build/task_5/task_5.egg-info/PKG-INFO
[0.950s] writing dependency_links to ../../build/task_5/task_5.egg-info/dependency_links.txt
[0.951s] writing entry points to ../../build/task_5/task_5.egg-info/entry_points.txt
[0.951s] writing requirements to ../../build/task_5/task_5.egg-info/requires.txt
[0.951s] writing top-level names to ../../build/task_5/task_5.egg-info/top_level.txt
[0.953s] reading manifest file '../../build/task_5/task_5.egg-info/SOURCES.txt'
[0.954s] adding license file 'LICENSE'
[0.954s] writing manifest file '../../build/task_5/task_5.egg-info/SOURCES.txt'
[0.955s] running build
[0.955s] running build_py
[0.955s] copying task_5/image_publisher.py -> /home/me597/ME597/me597_lab4/build/task_5/build/lib/task_5
[0.955s] running install
[0.955s] running install_lib
[0.956s] copying /home/me597/ME597/me597_lab4/build/task_5/build/lib/task_5/image_publisher.py -> /home/me597/ME597/me597_lab4/install/task_5/lib/python3.10/site-packages/task_5
[0.956s] byte-compiling /home/me597/ME597/me597_lab4/install/task_5/lib/python3.10/site-packages/task_5/image_publisher.py to image_publisher.cpython-310.pyc
[0.958s] running install_data
[0.958s] copying package.xml -> /home/me597/ME597/me597_lab4/install/task_5/share/task_5
[0.959s] running install_egg_info
[0.960s] removing '/home/me597/ME597/me597_lab4/install/task_5/lib/python3.10/site-packages/task_5-0.0.0-py3.10.egg-info' (and everything under it)
[0.966s] Copying ../../build/task_5/task_5.egg-info to /home/me597/ME597/me597_lab4/install/task_5/lib/python3.10/site-packages/task_5-0.0.0-py3.10.egg-info
[0.966s] running install_scripts
[1.013s] Installing image_publisher script to /home/me597/ME597/me597_lab4/install/task_5/lib/task_5
[1.014s] writing list of installed files to '/home/me597/ME597/me597_lab4/build/task_5/install.log'
[1.046s] Invoked command in '/home/me597/ME597/me597_lab4/04/task_5' returned '0': PYTHONPATH=/home/me597/ME597/me597_lab4/build/task_5/prefix_override:/usr/lib/python3/dist-packages/colcon_core/task/python/colcon_distutils_commands:/home/me597/ME597/me597_lab4/install/task_5/lib/python3.10/site-packages:${PYTHONPATH} /usr/bin/python3 -W ignore:setup.py install is deprecated -W ignore:easy_install command is deprecated setup.py egg_info --egg-base ../../build/task_5 build --build-base /home/me597/ME597/me597_lab4/build/task_5/build install --record /home/me597/ME597/me597_lab4/build/task_5/install.log --single-version-externally-managed install_data
