[0.940s] DEBUG:colcon:Command line arguments: ['/usr/bin/colcon', 'build']
[0.941s] DEBUG:colcon:Parsed command line arguments: Namespace(log_base=None, log_level=None, verb_name='build', build_base='build', install_base='install', merge_install=False, symlink_install=False, test_result_base=None, continue_on_error=False, executor='parallel', parallel_workers=4, event_handlers=None, ignore_user_meta=False, metas=['./colcon.meta'], base_paths=['.'], packages_ignore=None, packages_ignore_regex=None, paths=None, packages_up_to=None, packages_up_to_regex=None, packages_above=None, packages_above_and_dependencies=None, packages_above_depth=None, packages_select_by_dep=None, packages_skip_by_dep=None, packages_skip_up_to=None, packages_select_build_failed=False, packages_skip_build_finished=False, packages_select_test_failures=False, packages_skip_test_passed=False, packages_select=None, packages_skip=None, packages_select_regex=None, packages_skip_regex=None, packages_start=None, packages_end=None, allow_overriding=[], cmake_args=None, cmake_target=None, cmake_target_skip_unavailable=False, cmake_clean_cache=False, cmake_clean_first=False, cmake_force_configure=False, ament_cmake_args=None, catkin_cmake_args=None, catkin_skip_building_tests=False, mixin_files=None, mixin=None, verb_parser=<colcon_mixin.mixin.mixin_argument.MixinArgumentDecorator object at 0x715dee967310>, verb_extension=<colcon_core.verb.build.BuildVerb object at 0x715dee966890>, main=<bound method BuildVerb.main of <colcon_core.verb.build.BuildVerb object at 0x715dee966890>>, mixin_verb=('build',))
[1.778s] Level 1:colcon.colcon_core.package_discovery:discover_packages(colcon_meta) check parameters
[1.778s] Level 1:colcon.colcon_core.package_discovery:discover_packages(recursive) check parameters
[1.779s] Level 1:colcon.colcon_core.package_discovery:discover_packages(ignore) check parameters
[1.779s] Level 1:colcon.colcon_core.package_discovery:discover_packages(path) check parameters
[1.779s] Level 1:colcon.colcon_core.package_discovery:discover_packages(colcon_meta) discover
[1.779s] Level 1:colcon.colcon_core.package_discovery:discover_packages(recursive) discover
[1.779s] INFO:colcon.colcon_core.package_discovery:Crawling recursively for packages in '/home/me597/ME597/me597_lab4/04'
[1.779s] Level 1:colcon.colcon_core.package_identification:_identify(.) by extensions ['ignore', 'ignore_ament_install']
[1.779s] Level 1:colcon.colcon_core.package_identification:_identify(.) by extension 'ignore'
[1.779s] Level 1:colcon.colcon_core.package_identification:_identify(.) by extension 'ignore_ament_install'
[1.779s] Level 1:colcon.colcon_core.package_identification:_identify(.) by extensions ['colcon_pkg']
[1.779s] Level 1:colcon.colcon_core.package_identification:_identify(.) by extension 'colcon_pkg'
[1.779s] Level 1:colcon.colcon_core.package_identification:_identify(.) by extensions ['colcon_meta']
[1.779s] Level 1:colcon.colcon_core.package_identification:_identify(.) by extension 'colcon_meta'
[1.779s] Level 1:colcon.colcon_core.package_identification:_identify(.) by extensions ['ros']
[1.779s] Level 1:colcon.colcon_core.package_identification:_identify(.) by extension 'ros'
[1.869s] Level 1:colcon.colcon_core.package_identification:_identify(.) by extensions ['cmake', 'python']
[1.869s] Level 1:colcon.colcon_core.package_identification:_identify(.) by extension 'cmake'
[1.869s] Level 1:colcon.colcon_core.package_identification:_identify(.) by extension 'python'
[1.869s] Level 1:colcon.colcon_core.package_identification:_identify(.) by extensions ['python_setup_py']
[1.869s] Level 1:colcon.colcon_core.package_identification:_identify(.) by extension 'python_setup_py'
[1.869s] Level 1:colcon.colcon_core.package_identification:_identify(build) by extensions ['ignore', 'ignore_ament_install']
[1.869s] Level 1:colcon.colcon_core.package_identification:_identify(build) by extension 'ignore'
[1.869s] Level 1:colcon.colcon_core.package_identification:_identify(build) ignored
[1.869s] Level 1:colcon.colcon_core.package_identification:_identify(install) by extensions ['ignore', 'ignore_ament_install']
[1.869s] Level 1:colcon.colcon_core.package_identification:_identify(install) by extension 'ignore'
[1.869s] Level 1:colcon.colcon_core.package_identification:_identify(install) ignored
[1.870s] Level 1:colcon.colcon_core.package_identification:_identify(log) by extensions ['ignore', 'ignore_ament_install']
[1.870s] Level 1:colcon.colcon_core.package_identification:_identify(log) by extension 'ignore'
[1.870s] Level 1:colcon.colcon_core.package_identification:_identify(log) ignored
[1.870s] Level 1:colcon.colcon_core.package_identification:_identify(task_5) by extensions ['ignore', 'ignore_ament_install']
[1.870s] Level 1:colcon.colcon_core.package_identification:_identify(task_5) by extension 'ignore'
[1.870s] Level 1:colcon.colcon_core.package_identification:_identify(task_5) by extension 'ignore_ament_install'
[1.870s] Level 1:colcon.colcon_core.package_identification:_identify(task_5) by extensions ['colcon_pkg']
[1.870s] Level 1:colcon.colcon_core.package_identification:_identify(task_5) by extension 'colcon_pkg'
[1.870s] Level 1:colcon.colcon_core.package_identification:_identify(task_5) by extensions ['colcon_meta']
[1.870s] Level 1:colcon.colcon_core.package_identification:_identify(task_5) by extension 'colcon_meta'
[1.870s] Level 1:colcon.colcon_core.package_identification:_identify(task_5) by extensions ['ros']
[1.870s] Level 1:colcon.colcon_core.package_identification:_identify(task_5) by extension 'ros'
[1.887s] DEBUG:colcon.colcon_core.package_identification:Package 'task_5' with type 'ros.ament_python' and name 'task_5'
[1.887s] Level 1:colcon.colcon_core.package_discovery:discover_packages(recursive) using defaults
[1.887s] Level 1:colcon.colcon_core.package_discovery:discover_packages(ignore) discover
[1.888s] Level 1:colcon.colcon_core.package_discovery:discover_packages(ignore) using defaults
[1.888s] Level 1:colcon.colcon_core.package_discovery:discover_packages(path) discover
[1.888s] Level 1:colcon.colcon_core.package_discovery:discover_packages(path) using defaults
[1.962s] Level 1:colcon.colcon_core.package_discovery:discover_packages(prefix_path) check parameters
[1.962s] Level 1:colcon.colcon_core.package_discovery:discover_packages(prefix_path) discover
[1.980s] DEBUG:colcon.colcon_installed_package_information.package_discovery:Found 1 installed packages in /home/me597/ME597/me597_lab4/install
[1.981s] DEBUG:colcon.colcon_installed_package_information.package_discovery:Found 1 installed packages in /home/me597/ME597/me597_lab3/04/install
[1.983s] DEBUG:colcon.colcon_installed_package_information.package_discovery:Found 1 installed packages in /home/me597/ME597/me597_lab2/install
[1.985s] DEBUG:colcon.colcon_installed_package_information.package_discovery:Found 2 installed packages in /home/me597/sim_ws/install
[1.991s] DEBUG:colcon.colcon_installed_package_information.package_discovery:Found 6 installed packages in /home/me597/sim_ws/sim_ws/install
[1.998s] DEBUG:colcon.colcon_installed_package_information.package_discovery:Found 330 installed packages in /opt/ros/humble
[2.002s] Level 1:colcon.colcon_core.package_discovery:discover_packages(prefix_path) using defaults
[2.294s] Level 5:colcon.colcon_core.verb:set package 'task_5' build argument 'cmake_args' from command line to 'None'
[2.294s] Level 5:colcon.colcon_core.verb:set package 'task_5' build argument 'cmake_target' from command line to 'None'
[2.295s] Level 5:colcon.colcon_core.verb:set package 'task_5' build argument 'cmake_target_skip_unavailable' from command line to 'False'
[2.295s] Level 5:colcon.colcon_core.verb:set package 'task_5' build argument 'cmake_clean_cache' from command line to 'False'
[2.295s] Level 5:colcon.colcon_core.verb:set package 'task_5' build argument 'cmake_clean_first' from command line to 'False'
[2.295s] Level 5:colcon.colcon_core.verb:set package 'task_5' build argument 'cmake_force_configure' from command line to 'False'
[2.295s] Level 5:colcon.colcon_core.verb:set package 'task_5' build argument 'ament_cmake_args' from command line to 'None'
[2.295s] Level 5:colcon.colcon_core.verb:set package 'task_5' build argument 'catkin_cmake_args' from command line to 'None'
[2.295s] Level 5:colcon.colcon_core.verb:set package 'task_5' build argument 'catkin_skip_building_tests' from command line to 'False'
[2.295s] DEBUG:colcon.colcon_core.verb:Building package 'task_5' with the following arguments: {'ament_cmake_args': None, 'build_base': '/home/me597/ME597/me597_lab4/04/build/task_5', 'catkin_cmake_args': None, 'catkin_skip_building_tests': False, 'cmake_args': None, 'cmake_clean_cache': False, 'cmake_clean_first': False, 'cmake_force_configure': False, 'cmake_target': None, 'cmake_target_skip_unavailable': False, 'install_base': '/home/me597/ME597/me597_lab4/04/install/task_5', 'merge_install': False, 'path': '/home/me597/ME597/me597_lab4/04/task_5', 'symlink_install': False, 'test_result_base': None}
[2.295s] INFO:colcon.colcon_core.executor:Executing jobs using 'parallel' executor
[2.301s] DEBUG:colcon.colcon_parallel_executor.executor.parallel:run_until_complete
[2.302s] INFO:colcon.colcon_ros.task.ament_python.build:Building ROS package in '/home/me597/ME597/me597_lab4/04/task_5' with build type 'ament_python'
[2.302s] Level 1:colcon.colcon_core.shell:create_environment_hook('task_5', 'ament_prefix_path')
[2.317s] INFO:colcon.colcon_core.plugin_system:Skipping extension 'colcon_core.shell.bat': Not used on non-Windows systems
[2.318s] INFO:colcon.colcon_core.shell:Creating environment hook '/home/me597/ME597/me597_lab4/04/install/task_5/share/task_5/hook/ament_prefix_path.ps1'
[2.326s] INFO:colcon.colcon_core.shell:Creating environment descriptor '/home/me597/ME597/me597_lab4/04/install/task_5/share/task_5/hook/ament_prefix_path.dsv'
[2.329s] INFO:colcon.colcon_core.shell:Creating environment hook '/home/me597/ME597/me597_lab4/04/install/task_5/share/task_5/hook/ament_prefix_path.sh'
[2.332s] INFO:colcon.colcon_core.shell:Skip shell extension 'powershell' for command environment: Not usable outside of PowerShell
[2.332s] DEBUG:colcon.colcon_core.shell:Skip shell extension 'dsv' for command environment
[2.968s] INFO:colcon.colcon_core.task.python.build:Building Python package in '/home/me597/ME597/me597_lab4/04/task_5'
[2.969s] INFO:colcon.colcon_core.shell:Skip shell extension 'powershell' for command environment: Not usable outside of PowerShell
[2.969s] DEBUG:colcon.colcon_core.shell:Skip shell extension 'dsv' for command environment
[3.646s] DEBUG:colcon.colcon_core.event_handler.log_command:Invoking command in '/home/me597/ME597/me597_lab4/04/task_5': PYTHONPATH=/home/me597/ME597/me597_lab4/04/build/task_5/prefix_override:/usr/lib/python3/dist-packages/colcon_core/task/python/colcon_distutils_commands:/home/me597/ME597/me597_lab4/04/install/task_5/lib/python3.10/site-packages:${PYTHONPATH} /usr/bin/python3 -W ignore:setup.py install is deprecated -W ignore:easy_install command is deprecated setup.py egg_info --egg-base ../build/task_5 build --build-base /home/me597/ME597/me597_lab4/04/build/task_5/build install --record /home/me597/ME597/me597_lab4/04/build/task_5/install.log --single-version-externally-managed install_data
[4.439s] DEBUG:colcon.colcon_core.event_handler.log_command:Invoked command in '/home/me597/ME597/me597_lab4/04/task_5' returned '0': PYTHONPATH=/home/me597/ME597/me597_lab4/04/build/task_5/prefix_override:/usr/lib/python3/dist-packages/colcon_core/task/python/colcon_distutils_commands:/home/me597/ME597/me597_lab4/04/install/task_5/lib/python3.10/site-packages:${PYTHONPATH} /usr/bin/python3 -W ignore:setup.py install is deprecated -W ignore:easy_install command is deprecated setup.py egg_info --egg-base ../build/task_5 build --build-base /home/me597/ME597/me597_lab4/04/build/task_5/build install --record /home/me597/ME597/me597_lab4/04/build/task_5/install.log --single-version-externally-managed install_data
[4.448s] Level 1:colcon.colcon_core.environment:checking '/home/me597/ME597/me597_lab4/04/install/task_5' for CMake module files
[4.449s] Level 1:colcon.colcon_core.environment:checking '/home/me597/ME597/me597_lab4/04/install/task_5' for CMake config files
[4.450s] Level 1:colcon.colcon_core.environment:checking '/home/me597/ME597/me597_lab4/04/install/task_5/lib'
[4.450s] Level 1:colcon.colcon_core.environment:checking '/home/me597/ME597/me597_lab4/04/install/task_5/bin'
[4.450s] Level 1:colcon.colcon_core.environment:checking '/home/me597/ME597/me597_lab4/04/install/task_5/lib/pkgconfig/task_5.pc'
[4.451s] Level 1:colcon.colcon_core.environment:checking '/home/me597/ME597/me597_lab4/04/install/task_5/lib/python3.10/site-packages'
[4.451s] Level 1:colcon.colcon_core.shell:create_environment_hook('task_5', 'pythonpath')
[4.451s] INFO:colcon.colcon_core.shell:Creating environment hook '/home/me597/ME597/me597_lab4/04/install/task_5/share/task_5/hook/pythonpath.ps1'
[4.452s] INFO:colcon.colcon_core.shell:Creating environment descriptor '/home/me597/ME597/me597_lab4/04/install/task_5/share/task_5/hook/pythonpath.dsv'
[4.453s] INFO:colcon.colcon_core.shell:Creating environment hook '/home/me597/ME597/me597_lab4/04/install/task_5/share/task_5/hook/pythonpath.sh'
[4.454s] Level 1:colcon.colcon_core.environment:checking '/home/me597/ME597/me597_lab4/04/install/task_5/bin'
[4.454s] Level 1:colcon.colcon_core.environment:create_environment_scripts_only(task_5)
[4.454s] INFO:colcon.colcon_core.shell:Creating package script '/home/me597/ME597/me597_lab4/04/install/task_5/share/task_5/package.ps1'
[4.457s] INFO:colcon.colcon_core.shell:Creating package descriptor '/home/me597/ME597/me597_lab4/04/install/task_5/share/task_5/package.dsv'
[4.459s] INFO:colcon.colcon_core.shell:Creating package script '/home/me597/ME597/me597_lab4/04/install/task_5/share/task_5/package.sh'
[4.460s] INFO:colcon.colcon_core.shell:Creating package script '/home/me597/ME597/me597_lab4/04/install/task_5/share/task_5/package.bash'
[4.461s] INFO:colcon.colcon_core.shell:Creating package script '/home/me597/ME597/me597_lab4/04/install/task_5/share/task_5/package.zsh'
[4.462s] Level 1:colcon.colcon_core.environment:create_file_with_runtime_dependencies(/home/me597/ME597/me597_lab4/04/install/task_5/share/colcon-core/packages/task_5)
[4.466s] DEBUG:colcon.colcon_parallel_executor.executor.parallel:closing loop
[4.466s] DEBUG:colcon.colcon_parallel_executor.executor.parallel:loop closed
[4.466s] DEBUG:colcon.colcon_parallel_executor.executor.parallel:run_until_complete finished with '0'
[4.466s] DEBUG:colcon.colcon_core.event_reactor:joining thread
[4.522s] INFO:colcon.colcon_core.plugin_system:Skipping extension 'colcon_notification.desktop_notification.terminal_notifier': Not used on non-Darwin systems
[4.522s] INFO:colcon.colcon_core.plugin_system:Skipping extension 'colcon_notification.desktop_notification.win32': Not used on non-Windows systems
[4.522s] INFO:colcon.colcon_notification.desktop_notification:Sending desktop notification using 'notify2'
[4.711s] DEBUG:colcon.colcon_core.event_reactor:joined thread
[4.712s] INFO:colcon.colcon_core.shell:Creating prefix script '/home/me597/ME597/me597_lab4/04/install/local_setup.ps1'
[4.724s] INFO:colcon.colcon_core.shell:Creating prefix util module '/home/me597/ME597/me597_lab4/04/install/_local_setup_util_ps1.py'
[4.735s] INFO:colcon.colcon_core.shell:Creating prefix chain script '/home/me597/ME597/me597_lab4/04/install/setup.ps1'
[4.739s] INFO:colcon.colcon_core.shell:Creating prefix script '/home/me597/ME597/me597_lab4/04/install/local_setup.sh'
[4.742s] INFO:colcon.colcon_core.shell:Creating prefix util module '/home/me597/ME597/me597_lab4/04/install/_local_setup_util_sh.py'
[4.744s] INFO:colcon.colcon_core.shell:Creating prefix chain script '/home/me597/ME597/me597_lab4/04/install/setup.sh'
[4.747s] INFO:colcon.colcon_core.shell:Creating prefix script '/home/me597/ME597/me597_lab4/04/install/local_setup.bash'
[4.749s] INFO:colcon.colcon_core.shell:Creating prefix chain script '/home/me597/ME597/me597_lab4/04/install/setup.bash'
[4.751s] INFO:colcon.colcon_core.shell:Creating prefix script '/home/me597/ME597/me597_lab4/04/install/local_setup.zsh'
[4.754s] INFO:colcon.colcon_core.shell:Creating prefix chain script '/home/me597/ME597/me597_lab4/04/install/setup.zsh'
