[0.507s] Invoking command in '/home/me597/ME597/me597_lab4/04/task_5': PYTHONPATH=/home/me597/ME597/me597_lab4/build/task_5/prefix_override:/usr/lib/python3/dist-packages/colcon_core/task/python/colcon_distutils_commands:/home/me597/ME597/me597_lab4/install/task_5/lib/python3.10/site-packages:${PYTHONPATH} /usr/bin/python3 -W ignore:setup.py install is deprecated -W ignore:easy_install command is deprecated setup.py egg_info --egg-base ../../build/task_5 build --build-base /home/me597/ME597/me597_lab4/build/task_5/build install --record /home/me597/ME597/me597_lab4/build/task_5/install.log --single-version-externally-managed install_data
[0.665s] running egg_info
[0.665s] writing ../../build/task_5/task_5.egg-info/PKG-INFO
[0.666s] writing dependency_links to ../../build/task_5/task_5.egg-info/dependency_links.txt
[0.666s] writing entry points to ../../build/task_5/task_5.egg-info/entry_points.txt
[0.666s] writing requirements to ../../build/task_5/task_5.egg-info/requires.txt
[0.668s] writing top-level names to ../../build/task_5/task_5.egg-info/top_level.txt
[0.668s] reading manifest file '../../build/task_5/task_5.egg-info/SOURCES.txt'
[0.668s] adding license file 'LICENSE'
[0.668s] writing manifest file '../../build/task_5/task_5.egg-info/SOURCES.txt'
[0.668s] running build
[0.669s] running build_py
[0.670s] copying task_5/image_publisher.py -> /home/me597/ME597/me597_lab4/build/task_5/build/lib/task_5
[0.670s] running install
[0.670s] running install_lib
[0.670s] copying /home/me597/ME597/me597_lab4/build/task_5/build/lib/task_5/image_publisher.py -> /home/me597/ME597/me597_lab4/install/task_5/lib/python3.10/site-packages/task_5
[0.670s] byte-compiling /home/me597/ME597/me597_lab4/install/task_5/lib/python3.10/site-packages/task_5/image_publisher.py to image_publisher.cpython-310.pyc
[0.670s] running install_data
[0.671s] creating /home/me597/ME597/me597_lab4/install/task_5/share/task_5/resource
[0.671s] copying resource/lab3_video.avi -> /home/me597/ME597/me597_lab4/install/task_5/share/task_5/resource
[0.678s] running install_egg_info
[0.680s] removing '/home/me597/ME597/me597_lab4/install/task_5/lib/python3.10/site-packages/task_5-0.0.0-py3.10.egg-info' (and everything under it)
[0.680s] Copying ../../build/task_5/task_5.egg-info to /home/me597/ME597/me597_lab4/install/task_5/lib/python3.10/site-packages/task_5-0.0.0-py3.10.egg-info
[0.681s] running install_scripts
[0.696s] Installing image_publisher script to /home/me597/ME597/me597_lab4/install/task_5/lib/task_5
[0.696s] writing list of installed files to '/home/me597/ME597/me597_lab4/build/task_5/install.log'
[0.717s] Invoked command in '/home/me597/ME597/me597_lab4/04/task_5' returned '0': PYTHONPATH=/home/me597/ME597/me597_lab4/build/task_5/prefix_override:/usr/lib/python3/dist-packages/colcon_core/task/python/colcon_distutils_commands:/home/me597/ME597/me597_lab4/install/task_5/lib/python3.10/site-packages:${PYTHONPATH} /usr/bin/python3 -W ignore:setup.py install is deprecated -W ignore:easy_install command is deprecated setup.py egg_info --egg-base ../../build/task_5 build --build-base /home/me597/ME597/me597_lab4/build/task_5/build install --record /home/me597/ME597/me597_lab4/build/task_5/install.log --single-version-externally-managed install_data
