[1.077s] Invoking command in '/home/me597/ME597/me597_lab4/04/task_6': PYTHONPATH=/home/me597/ME597/me597_lab4/04/build/task_6/prefix_override:/usr/lib/python3/dist-packages/colcon_core/task/python/colcon_distutils_commands:/home/me597/ME597/me597_lab4/04/install/task_6/lib/python3.10/site-packages:${PYTHONPATH} /usr/bin/python3 -W ignore:setup.py install is deprecated -W ignore:easy_install command is deprecated setup.py egg_info --egg-base ../build/task_6 build --build-base /home/me597/ME597/me597_lab4/04/build/task_6/build install --record /home/me597/ME597/me597_lab4/04/build/task_6/install.log --single-version-externally-managed install_data
[1.440s] running egg_info
[1.440s] writing ../build/task_6/task_6.egg-info/PKG-INFO
[1.441s] writing dependency_links to ../build/task_6/task_6.egg-info/dependency_links.txt
[1.441s] writing entry points to ../build/task_6/task_6.egg-info/entry_points.txt
[1.441s] writing requirements to ../build/task_6/task_6.egg-info/requires.txt
[1.442s] writing top-level names to ../build/task_6/task_6.egg-info/top_level.txt
[1.444s] reading manifest file '../build/task_6/task_6.egg-info/SOURCES.txt'
[1.444s] adding license file 'LICENSE'
[1.447s] writing manifest file '../build/task_6/task_6.egg-info/SOURCES.txt'
[1.447s] running build
[1.447s] running build_py
[1.447s] copying task_6/red_ball_tracker.py -> /home/me597/ME597/me597_lab4/04/build/task_6/build/lib/task_6
[1.447s] running install
[1.447s] running install_lib
[1.450s] copying /home/me597/ME597/me597_lab4/04/build/task_6/build/lib/task_6/red_ball_tracker.py -> /home/me597/ME597/me597_lab4/04/install/task_6/lib/python3.10/site-packages/task_6
[1.451s] byte-compiling /home/me597/ME597/me597_lab4/04/install/task_6/lib/python3.10/site-packages/task_6/red_ball_tracker.py to red_ball_tracker.cpython-310.pyc
[1.453s] running install_data
[1.454s] running install_egg_info
[1.457s] removing '/home/me597/ME597/me597_lab4/04/install/task_6/lib/python3.10/site-packages/task_6-0.0.0-py3.10.egg-info' (and everything under it)
[1.459s] Copying ../build/task_6/task_6.egg-info to /home/me597/ME597/me597_lab4/04/install/task_6/lib/python3.10/site-packages/task_6-0.0.0-py3.10.egg-info
[1.461s] running install_scripts
[1.485s] Installing red_ball_tracker script to /home/me597/ME597/me597_lab4/04/install/task_6/lib/task_6
[1.486s] writing list of installed files to '/home/me597/ME597/me597_lab4/04/build/task_6/install.log'
[1.532s] Invoked command in '/home/me597/ME597/me597_lab4/04/task_6' returned '0': PYTHONPATH=/home/me597/ME597/me597_lab4/04/build/task_6/prefix_override:/usr/lib/python3/dist-packages/colcon_core/task/python/colcon_distutils_commands:/home/me597/ME597/me597_lab4/04/install/task_6/lib/python3.10/site-packages:${PYTHONPATH} /usr/bin/python3 -W ignore:setup.py install is deprecated -W ignore:easy_install command is deprecated setup.py egg_info --egg-base ../build/task_6 build --build-base /home/me597/ME597/me597_lab4/04/build/task_6/build install --record /home/me597/ME597/me597_lab4/04/build/task_6/install.log --single-version-externally-managed install_data
