[1.079s] Invoking command in '/home/me597/ME597/me597_lab4/04/task_5': PYTHONPATH=/home/me597/ME597/me597_lab4/04/build/task_5/prefix_override:/usr/lib/python3/dist-packages/colcon_core/task/python/colcon_distutils_commands:/home/me597/ME597/me597_lab4/04/install/task_5/lib/python3.10/site-packages:${PYTHONPATH} /usr/bin/python3 -W ignore:setup.py install is deprecated -W ignore:easy_install command is deprecated setup.py egg_info --egg-base ../build/task_5 build --build-base /home/me597/ME597/me597_lab4/04/build/task_5/build install --record /home/me597/ME597/me597_lab4/04/build/task_5/install.log --single-version-externally-managed install_data
[1.442s] running egg_info
[1.442s] writing ../build/task_5/task_5.egg-info/PKG-INFO
[1.443s] writing dependency_links to ../build/task_5/task_5.egg-info/dependency_links.txt
[1.443s] writing entry points to ../build/task_5/task_5.egg-info/entry_points.txt
[1.443s] writing requirements to ../build/task_5/task_5.egg-info/requires.txt
[1.444s] writing top-level names to ../build/task_5/task_5.egg-info/top_level.txt
[1.447s] reading manifest file '../build/task_5/task_5.egg-info/SOURCES.txt'
[1.447s] adding license file 'LICENSE'
[1.447s] writing manifest file '../build/task_5/task_5.egg-info/SOURCES.txt'
[1.448s] running build
[1.448s] running build_py
[1.448s] running install
[1.449s] running install_lib
[1.451s] running install_data
[1.451s] running install_egg_info
[1.453s] removing '/home/me597/ME597/me597_lab4/04/install/task_5/lib/python3.10/site-packages/task_5-0.0.0-py3.10.egg-info' (and everything under it)
[1.460s] Copying ../build/task_5/task_5.egg-info to /home/me597/ME597/me597_lab4/04/install/task_5/lib/python3.10/site-packages/task_5-0.0.0-py3.10.egg-info
[1.460s] running install_scripts
[1.485s] Installing image_publisher script to /home/me597/ME597/me597_lab4/04/install/task_5/lib/task_5
[1.485s] Installing object_detector script to /home/me597/ME597/me597_lab4/04/install/task_5/lib/task_5
[1.486s] writing list of installed files to '/home/me597/ME597/me597_lab4/04/build/task_5/install.log'
[1.523s] Invoked command in '/home/me597/ME597/me597_lab4/04/task_5' returned '0': PYTHONPATH=/home/me597/ME597/me597_lab4/04/build/task_5/prefix_override:/usr/lib/python3/dist-packages/colcon_core/task/python/colcon_distutils_commands:/home/me597/ME597/me597_lab4/04/install/task_5/lib/python3.10/site-packages:${PYTHONPATH} /usr/bin/python3 -W ignore:setup.py install is deprecated -W ignore:easy_install command is deprecated setup.py egg_info --egg-base ../build/task_5 build --build-base /home/me597/ME597/me597_lab4/04/build/task_5/build install --record /home/me597/ME597/me597_lab4/04/build/task_5/install.log --single-version-externally-managed install_data
