[0.481s] Invoking command in '/home/me597/ME597/me597_lab4/04/task_5': PYTHONPATH=/home/me597/ME597/me597_lab4/build/task_5/prefix_override:/usr/lib/python3/dist-packages/colcon_core/task/python/colcon_distutils_commands:/home/me597/ME597/me597_lab4/install/task_5/lib/python3.10/site-packages:${PYTHONPATH} /usr/bin/python3 -W ignore:setup.py install is deprecated -W ignore:easy_install command is deprecated setup.py egg_info --egg-base ../../build/task_5 build --build-base /home/me597/ME597/me597_lab4/build/task_5/build install --record /home/me597/ME597/me597_lab4/build/task_5/install.log --single-version-externally-managed install_data
[0.636s] running egg_info
[0.636s] creating ../../build/task_5/task_5.egg-info
[0.636s] writing ../../build/task_5/task_5.egg-info/PKG-INFO
[0.636s] writing dependency_links to ../../build/task_5/task_5.egg-info/dependency_links.txt
[0.636s] writing entry points to ../../build/task_5/task_5.egg-info/entry_points.txt
[0.636s] writing requirements to ../../build/task_5/task_5.egg-info/requires.txt
[0.636s] writing top-level names to ../../build/task_5/task_5.egg-info/top_level.txt
[0.636s] writing manifest file '../../build/task_5/task_5.egg-info/SOURCES.txt'
[0.637s] reading manifest file '../../build/task_5/task_5.egg-info/SOURCES.txt'
[0.638s] adding license file 'LICENSE'
[0.638s] writing manifest file '../../build/task_5/task_5.egg-info/SOURCES.txt'
[0.639s] running build
[0.639s] running build_py
[0.639s] creating /home/me597/ME597/me597_lab4/build/task_5/build
[0.639s] creating /home/me597/ME597/me597_lab4/build/task_5/build/lib
[0.639s] creating /home/me597/ME597/me597_lab4/build/task_5/build/lib/task_5
[0.639s] copying task_5/__init__.py -> /home/me597/ME597/me597_lab4/build/task_5/build/lib/task_5
[0.639s] running install
[0.639s] running install_lib
[0.639s] creating /home/me597/ME597/me597_lab4/install/task_5/lib/python3.10/site-packages/task_5
[0.639s] copying /home/me597/ME597/me597_lab4/build/task_5/build/lib/task_5/__init__.py -> /home/me597/ME597/me597_lab4/install/task_5/lib/python3.10/site-packages/task_5
[0.640s] byte-compiling /home/me597/ME597/me597_lab4/install/task_5/lib/python3.10/site-packages/task_5/__init__.py to __init__.cpython-310.pyc
[0.641s] running install_data
[0.641s] creating /home/me597/ME597/me597_lab4/install/task_5/share/ament_index
[0.641s] creating /home/me597/ME597/me597_lab4/install/task_5/share/ament_index/resource_index
[0.641s] creating /home/me597/ME597/me597_lab4/install/task_5/share/ament_index/resource_index/packages
[0.641s] copying resource/task_5 -> /home/me597/ME597/me597_lab4/install/task_5/share/ament_index/resource_index/packages
[0.641s] copying package.xml -> /home/me597/ME597/me597_lab4/install/task_5/share/task_5
[0.641s] running install_egg_info
[0.643s] Copying ../../build/task_5/task_5.egg-info to /home/me597/ME597/me597_lab4/install/task_5/lib/python3.10/site-packages/task_5-0.0.0-py3.10.egg-info
[0.645s] running install_scripts
[0.661s] writing list of installed files to '/home/me597/ME597/me597_lab4/build/task_5/install.log'
[0.683s] Invoked command in '/home/me597/ME597/me597_lab4/04/task_5' returned '0': PYTHONPATH=/home/me597/ME597/me597_lab4/build/task_5/prefix_override:/usr/lib/python3/dist-packages/colcon_core/task/python/colcon_distutils_commands:/home/me597/ME597/me597_lab4/install/task_5/lib/python3.10/site-packages:${PYTHONPATH} /usr/bin/python3 -W ignore:setup.py install is deprecated -W ignore:easy_install command is deprecated setup.py egg_info --egg-base ../../build/task_5 build --build-base /home/me597/ME597/me597_lab4/build/task_5/build install --record /home/me597/ME597/me597_lab4/build/task_5/install.log --single-version-externally-managed install_data
