[0.327s] DEBUG:colcon:Command line arguments: ['/usr/bin/colcon', 'build']
[0.327s] DEBUG:colcon:Parsed command line arguments: Namespace(log_base=None, log_level=None, verb_name='build', build_base='build', install_base='install', merge_install=False, symlink_install=False, test_result_base=None, continue_on_error=False, executor='parallel', parallel_workers=4, event_handlers=None, ignore_user_meta=False, metas=['./colcon.meta'], base_paths=['.'], packages_ignore=None, packages_ignore_regex=None, paths=None, packages_up_to=None, packages_up_to_regex=None, packages_above=None, packages_above_and_dependencies=None, packages_above_depth=None, packages_select_by_dep=None, packages_skip_by_dep=None, packages_skip_up_to=None, packages_select_build_failed=False, packages_skip_build_finished=False, packages_select_test_failures=False, packages_skip_test_passed=False, packages_select=None, packages_skip=None, packages_select_regex=None, packages_skip_regex=None, packages_start=None, packages_end=None, allow_overriding=[], cmake_args=None, cmake_target=None, cmake_target_skip_unavailable=False, cmake_clean_cache=False, cmake_clean_first=False, cmake_force_configure=False, ament_cmake_args=None, catkin_cmake_args=None, catkin_skip_building_tests=False, mixin_files=None, mixin=None, verb_parser=<colcon_mixin.mixin.mixin_argument.MixinArgumentDecorator object at 0x7cb98c367280>, verb_extension=<colcon_core.verb.build.BuildVerb object at 0x7cb98c366800>, main=<bound method BuildVerb.main of <colcon_core.verb.build.BuildVerb object at 0x7cb98c366800>>, mixin_verb=('build',))
[0.714s] Level 1:colcon.colcon_core.package_discovery:discover_packages(colcon_meta) check parameters
[0.714s] Level 1:colcon.colcon_core.package_discovery:discover_packages(recursive) check parameters
[0.714s] Level 1:colcon.colcon_core.package_discovery:discover_packages(ignore) check parameters
[0.714s] Level 1:colcon.colcon_core.package_discovery:discover_packages(path) check parameters
[0.714s] Level 1:colcon.colcon_core.package_discovery:discover_packages(colcon_meta) discover
[0.714s] Level 1:colcon.colcon_core.package_discovery:discover_packages(recursive) discover
[0.714s] INFO:colcon.colcon_core.package_discovery:Crawling recursively for packages in '/home/me597/ME597/me597_lab4'
[0.714s] Level 1:colcon.colcon_core.package_identification:_identify(.) by extensions ['ignore', 'ignore_ament_install']
[0.715s] Level 1:colcon.colcon_core.package_identification:_identify(.) by extension 'ignore'
[0.715s] Level 1:colcon.colcon_core.package_identification:_identify(.) by extension 'ignore_ament_install'
[0.715s] Level 1:colcon.colcon_core.package_identification:_identify(.) by extensions ['colcon_pkg']
[0.715s] Level 1:colcon.colcon_core.package_identification:_identify(.) by extension 'colcon_pkg'
[0.715s] Level 1:colcon.colcon_core.package_identification:_identify(.) by extensions ['colcon_meta']
[0.715s] Level 1:colcon.colcon_core.package_identification:_identify(.) by extension 'colcon_meta'
[0.715s] Level 1:colcon.colcon_core.package_identification:_identify(.) by extensions ['ros']
[0.715s] Level 1:colcon.colcon_core.package_identification:_identify(.) by extension 'ros'
[0.757s] Level 1:colcon.colcon_core.package_identification:_identify(.) by extensions ['cmake', 'python']
[0.757s] Level 1:colcon.colcon_core.package_identification:_identify(.) by extension 'cmake'
[0.757s] Level 1:colcon.colcon_core.package_identification:_identify(.) by extension 'python'
[0.757s] Level 1:colcon.colcon_core.package_identification:_identify(.) by extensions ['python_setup_py']
[0.757s] Level 1:colcon.colcon_core.package_identification:_identify(.) by extension 'python_setup_py'
[0.757s] Level 1:colcon.colcon_core.package_identification:_identify(04) by extensions ['ignore', 'ignore_ament_install']
[0.757s] Level 1:colcon.colcon_core.package_identification:_identify(04) by extension 'ignore'
[0.757s] Level 1:colcon.colcon_core.package_identification:_identify(04) by extension 'ignore_ament_install'
[0.757s] Level 1:colcon.colcon_core.package_identification:_identify(04) by extensions ['colcon_pkg']
[0.757s] Level 1:colcon.colcon_core.package_identification:_identify(04) by extension 'colcon_pkg'
[0.757s] Level 1:colcon.colcon_core.package_identification:_identify(04) by extensions ['colcon_meta']
[0.757s] Level 1:colcon.colcon_core.package_identification:_identify(04) by extension 'colcon_meta'
[0.757s] Level 1:colcon.colcon_core.package_identification:_identify(04) by extensions ['ros']
[0.757s] Level 1:colcon.colcon_core.package_identification:_identify(04) by extension 'ros'
[0.758s] Level 1:colcon.colcon_core.package_identification:_identify(04) by extensions ['cmake', 'python']
[0.758s] Level 1:colcon.colcon_core.package_identification:_identify(04) by extension 'cmake'
[0.758s] Level 1:colcon.colcon_core.package_identification:_identify(04) by extension 'python'
[0.758s] Level 1:colcon.colcon_core.package_identification:_identify(04) by extensions ['python_setup_py']
[0.758s] Level 1:colcon.colcon_core.package_identification:_identify(04) by extension 'python_setup_py'
[0.758s] Level 1:colcon.colcon_core.package_identification:_identify(04/task_5) by extensions ['ignore', 'ignore_ament_install']
[0.758s] Level 1:colcon.colcon_core.package_identification:_identify(04/task_5) by extension 'ignore'
[0.758s] Level 1:colcon.colcon_core.package_identification:_identify(04/task_5) by extension 'ignore_ament_install'
[0.758s] Level 1:colcon.colcon_core.package_identification:_identify(04/task_5) by extensions ['colcon_pkg']
[0.758s] Level 1:colcon.colcon_core.package_identification:_identify(04/task_5) by extension 'colcon_pkg'
[0.758s] Level 1:colcon.colcon_core.package_identification:_identify(04/task_5) by extensions ['colcon_meta']
[0.758s] Level 1:colcon.colcon_core.package_identification:_identify(04/task_5) by extension 'colcon_meta'
[0.758s] Level 1:colcon.colcon_core.package_identification:_identify(04/task_5) by extensions ['ros']
[0.758s] Level 1:colcon.colcon_core.package_identification:_identify(04/task_5) by extension 'ros'
[0.763s] DEBUG:colcon.colcon_core.package_identification:Package '04/task_5' with type 'ros.ament_python' and name 'task_5'
[0.763s] Level 1:colcon.colcon_core.package_identification:_identify(build) by extensions ['ignore', 'ignore_ament_install']
[0.763s] Level 1:colcon.colcon_core.package_identification:_identify(build) by extension 'ignore'
[0.763s] Level 1:colcon.colcon_core.package_identification:_identify(build) ignored
[0.763s] Level 1:colcon.colcon_core.package_identification:_identify(install) by extensions ['ignore', 'ignore_ament_install']
[0.763s] Level 1:colcon.colcon_core.package_identification:_identify(install) by extension 'ignore'
[0.763s] Level 1:colcon.colcon_core.package_identification:_identify(install) ignored
[0.763s] Level 1:colcon.colcon_core.package_identification:_identify(log) by extensions ['ignore', 'ignore_ament_install']
[0.763s] Level 1:colcon.colcon_core.package_identification:_identify(log) by extension 'ignore'
[0.763s] Level 1:colcon.colcon_core.package_identification:_identify(log) ignored
[0.763s] Level 1:colcon.colcon_core.package_discovery:discover_packages(recursive) using defaults
[0.763s] Level 1:colcon.colcon_core.package_discovery:discover_packages(ignore) discover
[0.763s] Level 1:colcon.colcon_core.package_discovery:discover_packages(ignore) using defaults
[0.763s] Level 1:colcon.colcon_core.package_discovery:discover_packages(path) discover
[0.763s] Level 1:colcon.colcon_core.package_discovery:discover_packages(path) using defaults
[0.802s] Level 1:colcon.colcon_core.package_discovery:discover_packages(prefix_path) check parameters
[0.802s] Level 1:colcon.colcon_core.package_discovery:discover_packages(prefix_path) discover
[0.811s] DEBUG:colcon.colcon_installed_package_information.package_discovery:Found 1 installed packages in /home/me597/ME597/me597_lab4/install
[0.811s] DEBUG:colcon.colcon_installed_package_information.package_discovery:Found 1 installed packages in /home/me597/ME597/me597_lab3/04/install
[0.812s] DEBUG:colcon.colcon_installed_package_information.package_discovery:Found 1 installed packages in /home/me597/ME597/me597_lab2/install
[0.814s] DEBUG:colcon.colcon_installed_package_information.package_discovery:Found 2 installed packages in /home/me597/sim_ws/install
[0.818s] DEBUG:colcon.colcon_installed_package_information.package_discovery:Found 6 installed packages in /home/me597/sim_ws/sim_ws/install
[0.820s] DEBUG:colcon.colcon_installed_package_information.package_discovery:Found 330 installed packages in /opt/ros/humble
[0.821s] Level 1:colcon.colcon_core.package_discovery:discover_packages(prefix_path) using defaults
[0.937s] Level 5:colcon.colcon_core.verb:set package 'task_5' build argument 'cmake_args' from command line to 'None'
[0.938s] Level 5:colcon.colcon_core.verb:set package 'task_5' build argument 'cmake_target' from command line to 'None'
[0.938s] Level 5:colcon.colcon_core.verb:set package 'task_5' build argument 'cmake_target_skip_unavailable' from command line to 'False'
[0.938s] Level 5:colcon.colcon_core.verb:set package 'task_5' build argument 'cmake_clean_cache' from command line to 'False'
[0.938s] Level 5:colcon.colcon_core.verb:set package 'task_5' build argument 'cmake_clean_first' from command line to 'False'
[0.938s] Level 5:colcon.colcon_core.verb:set package 'task_5' build argument 'cmake_force_configure' from command line to 'False'
[0.938s] Level 5:colcon.colcon_core.verb:set package 'task_5' build argument 'ament_cmake_args' from command line to 'None'
[0.938s] Level 5:colcon.colcon_core.verb:set package 'task_5' build argument 'catkin_cmake_args' from command line to 'None'
[0.938s] Level 5:colcon.colcon_core.verb:set package 'task_5' build argument 'catkin_skip_building_tests' from command line to 'False'
[0.938s] DEBUG:colcon.colcon_core.verb:Building package 'task_5' with the following arguments: {'ament_cmake_args': None, 'build_base': '/home/me597/ME597/me597_lab4/build/task_5', 'catkin_cmake_args': None, 'catkin_skip_building_tests': False, 'cmake_args': None, 'cmake_clean_cache': False, 'cmake_clean_first': False, 'cmake_force_configure': False, 'cmake_target': None, 'cmake_target_skip_unavailable': False, 'install_base': '/home/me597/ME597/me597_lab4/install/task_5', 'merge_install': False, 'path': '/home/me597/ME597/me597_lab4/04/task_5', 'symlink_install': False, 'test_result_base': None}
[0.938s] INFO:colcon.colcon_core.executor:Executing jobs using 'parallel' executor
[0.940s] DEBUG:colcon.colcon_parallel_executor.executor.parallel:run_until_complete
[0.941s] INFO:colcon.colcon_ros.task.ament_python.build:Building ROS package in '/home/me597/ME597/me597_lab4/04/task_5' with build type 'ament_python'
[0.941s] Level 1:colcon.colcon_core.shell:create_environment_hook('task_5', 'ament_prefix_path')
[0.950s] INFO:colcon.colcon_core.plugin_system:Skipping extension 'colcon_core.shell.bat': Not used on non-Windows systems
[0.950s] INFO:colcon.colcon_core.shell:Creating environment hook '/home/me597/ME597/me597_lab4/install/task_5/share/task_5/hook/ament_prefix_path.ps1'
[0.952s] INFO:colcon.colcon_core.shell:Creating environment descriptor '/home/me597/ME597/me597_lab4/install/task_5/share/task_5/hook/ament_prefix_path.dsv'
[0.954s] INFO:colcon.colcon_core.shell:Creating environment hook '/home/me597/ME597/me597_lab4/install/task_5/share/task_5/hook/ament_prefix_path.sh'
[0.955s] INFO:colcon.colcon_core.shell:Skip shell extension 'powershell' for command environment: Not usable outside of PowerShell
[0.955s] DEBUG:colcon.colcon_core.shell:Skip shell extension 'dsv' for command environment
[1.228s] INFO:colcon.colcon_core.task.python.build:Building Python package in '/home/me597/ME597/me597_lab4/04/task_5'
[1.229s] INFO:colcon.colcon_core.shell:Skip shell extension 'powershell' for command environment: Not usable outside of PowerShell
[1.229s] DEBUG:colcon.colcon_core.shell:Skip shell extension 'dsv' for command environment
[1.638s] DEBUG:colcon.colcon_core.event_handler.log_command:Invoking command in '/home/me597/ME597/me597_lab4/04/task_5': PYTHONPATH=/home/me597/ME597/me597_lab4/build/task_5/prefix_override:/usr/lib/python3/dist-packages/colcon_core/task/python/colcon_distutils_commands:/home/me597/ME597/me597_lab4/install/task_5/lib/python3.10/site-packages:${PYTHONPATH} /usr/bin/python3 -W ignore:setup.py install is deprecated -W ignore:easy_install command is deprecated setup.py egg_info --egg-base ../../build/task_5 build --build-base /home/me597/ME597/me597_lab4/build/task_5/build install --record /home/me597/ME597/me597_lab4/build/task_5/install.log --single-version-externally-managed install_data
[1.988s] DEBUG:colcon.colcon_core.event_handler.log_command:Invoked command in '/home/me597/ME597/me597_lab4/04/task_5' returned '0': PYTHONPATH=/home/me597/ME597/me597_lab4/build/task_5/prefix_override:/usr/lib/python3/dist-packages/colcon_core/task/python/colcon_distutils_commands:/home/me597/ME597/me597_lab4/install/task_5/lib/python3.10/site-packages:${PYTHONPATH} /usr/bin/python3 -W ignore:setup.py install is deprecated -W ignore:easy_install command is deprecated setup.py egg_info --egg-base ../../build/task_5 build --build-base /home/me597/ME597/me597_lab4/build/task_5/build install --record /home/me597/ME597/me597_lab4/build/task_5/install.log --single-version-externally-managed install_data
[1.997s] Level 1:colcon.colcon_core.environment:checking '/home/me597/ME597/me597_lab4/install/task_5' for CMake module files
[1.999s] Level 1:colcon.colcon_core.environment:checking '/home/me597/ME597/me597_lab4/install/task_5' for CMake config files
[2.001s] Level 1:colcon.colcon_core.environment:checking '/home/me597/ME597/me597_lab4/install/task_5/lib'
[2.001s] Level 1:colcon.colcon_core.environment:checking '/home/me597/ME597/me597_lab4/install/task_5/bin'
[2.001s] Level 1:colcon.colcon_core.environment:checking '/home/me597/ME597/me597_lab4/install/task_5/lib/pkgconfig/task_5.pc'
[2.002s] Level 1:colcon.colcon_core.environment:checking '/home/me597/ME597/me597_lab4/install/task_5/lib/python3.10/site-packages'
[2.002s] Level 1:colcon.colcon_core.shell:create_environment_hook('task_5', 'pythonpath')
[2.002s] INFO:colcon.colcon_core.shell:Creating environment hook '/home/me597/ME597/me597_lab4/install/task_5/share/task_5/hook/pythonpath.ps1'
[2.003s] INFO:colcon.colcon_core.shell:Creating environment descriptor '/home/me597/ME597/me597_lab4/install/task_5/share/task_5/hook/pythonpath.dsv'
[2.004s] INFO:colcon.colcon_core.shell:Creating environment hook '/home/me597/ME597/me597_lab4/install/task_5/share/task_5/hook/pythonpath.sh'
[2.005s] Level 1:colcon.colcon_core.environment:checking '/home/me597/ME597/me597_lab4/install/task_5/bin'
[2.005s] Level 1:colcon.colcon_core.environment:create_environment_scripts_only(task_5)
[2.005s] INFO:colcon.colcon_core.shell:Creating package script '/home/me597/ME597/me597_lab4/install/task_5/share/task_5/package.ps1'
[2.006s] INFO:colcon.colcon_core.shell:Creating package descriptor '/home/me597/ME597/me597_lab4/install/task_5/share/task_5/package.dsv'
[2.007s] INFO:colcon.colcon_core.shell:Creating package script '/home/me597/ME597/me597_lab4/install/task_5/share/task_5/package.sh'
[2.008s] INFO:colcon.colcon_core.shell:Creating package script '/home/me597/ME597/me597_lab4/install/task_5/share/task_5/package.bash'
[2.010s] INFO:colcon.colcon_core.shell:Creating package script '/home/me597/ME597/me597_lab4/install/task_5/share/task_5/package.zsh'
[2.011s] Level 1:colcon.colcon_core.environment:create_file_with_runtime_dependencies(/home/me597/ME597/me597_lab4/install/task_5/share/colcon-core/packages/task_5)
[2.012s] DEBUG:colcon.colcon_parallel_executor.executor.parallel:closing loop
[2.013s] DEBUG:colcon.colcon_parallel_executor.executor.parallel:loop closed
[2.013s] DEBUG:colcon.colcon_parallel_executor.executor.parallel:run_until_complete finished with '0'
[2.013s] DEBUG:colcon.colcon_core.event_reactor:joining thread
[2.033s] INFO:colcon.colcon_core.plugin_system:Skipping extension 'colcon_notification.desktop_notification.terminal_notifier': Not used on non-Darwin systems
[2.033s] INFO:colcon.colcon_core.plugin_system:Skipping extension 'colcon_notification.desktop_notification.win32': Not used on non-Windows systems
[2.033s] INFO:colcon.colcon_notification.desktop_notification:Sending desktop notification using 'notify2'
[2.108s] DEBUG:colcon.colcon_core.event_reactor:joined thread
[2.108s] INFO:colcon.colcon_core.shell:Creating prefix script '/home/me597/ME597/me597_lab4/install/local_setup.ps1'
[2.109s] INFO:colcon.colcon_core.shell:Creating prefix util module '/home/me597/ME597/me597_lab4/install/_local_setup_util_ps1.py'
[2.113s] INFO:colcon.colcon_core.shell:Creating prefix chain script '/home/me597/ME597/me597_lab4/install/setup.ps1'
[2.115s] INFO:colcon.colcon_core.shell:Creating prefix script '/home/me597/ME597/me597_lab4/install/local_setup.sh'
[2.117s] INFO:colcon.colcon_core.shell:Creating prefix util module '/home/me597/ME597/me597_lab4/install/_local_setup_util_sh.py'
[2.118s] INFO:colcon.colcon_core.shell:Creating prefix chain script '/home/me597/ME597/me597_lab4/install/setup.sh'
[2.121s] INFO:colcon.colcon_core.shell:Creating prefix script '/home/me597/ME597/me597_lab4/install/local_setup.bash'
[2.121s] INFO:colcon.colcon_core.shell:Creating prefix chain script '/home/me597/ME597/me597_lab4/install/setup.bash'
[2.123s] INFO:colcon.colcon_core.shell:Creating prefix script '/home/me597/ME597/me597_lab4/install/local_setup.zsh'
[2.125s] INFO:colcon.colcon_core.shell:Creating prefix chain script '/home/me597/ME597/me597_lab4/install/setup.zsh'
