[1.478s] Invoking command in '/home/me597/ME597/me597_lab4/04/task_6': PYTHONPATH=/home/me597/ME597/me597_lab4/04/build/task_6/prefix_override:/usr/lib/python3/dist-packages/colcon_core/task/python/colcon_distutils_commands:/home/me597/ME597/me597_lab4/04/install/task_6/lib/python3.10/site-packages:${PYTHONPATH} /usr/bin/python3 -W ignore:setup.py install is deprecated -W ignore:easy_install command is deprecated setup.py egg_info --egg-base ../build/task_6 build --build-base /home/me597/ME597/me597_lab4/04/build/task_6/build install --record /home/me597/ME597/me597_lab4/04/build/task_6/install.log --single-version-externally-managed install_data
[1.928s] running egg_info
[1.929s] writing ../build/task_6/task_6.egg-info/PKG-INFO
[1.929s] writing dependency_links to ../build/task_6/task_6.egg-info/dependency_links.txt
[1.934s] writing entry points to ../build/task_6/task_6.egg-info/entry_points.txt
[1.935s] writing requirements to ../build/task_6/task_6.egg-info/requires.txt
[1.935s] writing top-level names to ../build/task_6/task_6.egg-info/top_level.txt
[1.939s] reading manifest file '../build/task_6/task_6.egg-info/SOURCES.txt'
[1.941s] adding license file 'LICENSE'
[1.941s] writing manifest file '../build/task_6/task_6.egg-info/SOURCES.txt'
[1.941s] running build
[1.941s] running build_py
[1.941s] copying task_6/red_ball_tracker.py -> /home/me597/ME597/me597_lab4/04/build/task_6/build/lib/task_6
[1.941s] running install
[1.941s] running install_lib
[1.943s] copying /home/me597/ME597/me597_lab4/04/build/task_6/build/lib/task_6/red_ball_tracker.py -> /home/me597/ME597/me597_lab4/04/install/task_6/lib/python3.10/site-packages/task_6
[1.943s] byte-compiling /home/me597/ME597/me597_lab4/04/install/task_6/lib/python3.10/site-packages/task_6/red_ball_tracker.py to red_ball_tracker.cpython-310.pyc
[1.946s] running install_data
[1.947s] running install_egg_info
[1.951s] removing '/home/me597/ME597/me597_lab4/04/install/task_6/lib/python3.10/site-packages/task_6-0.0.0-py3.10.egg-info' (and everything under it)
[1.958s] Copying ../build/task_6/task_6.egg-info to /home/me597/ME597/me597_lab4/04/install/task_6/lib/python3.10/site-packages/task_6-0.0.0-py3.10.egg-info
[1.959s] running install_scripts
[2.007s] Installing red_ball_tracker script to /home/me597/ME597/me597_lab4/04/install/task_6/lib/task_6
[2.007s] writing list of installed files to '/home/me597/ME597/me597_lab4/04/build/task_6/install.log'
[2.138s] Invoked command in '/home/me597/ME597/me597_lab4/04/task_6' returned '0': PYTHONPATH=/home/me597/ME597/me597_lab4/04/build/task_6/prefix_override:/usr/lib/python3/dist-packages/colcon_core/task/python/colcon_distutils_commands:/home/me597/ME597/me597_lab4/04/install/task_6/lib/python3.10/site-packages:${PYTHONPATH} /usr/bin/python3 -W ignore:setup.py install is deprecated -W ignore:easy_install command is deprecated setup.py egg_info --egg-base ../build/task_6 build --build-base /home/me597/ME597/me597_lab4/04/build/task_6/build install --record /home/me597/ME597/me597_lab4/04/build/task_6/install.log --single-version-externally-managed install_data
