[0.582s] Invoking command in '/home/me597/ME597/me597_lab4/04/task_5': PYTHONPATH=/home/me597/ME597/me597_lab4/04/build/task_5/prefix_override:/usr/lib/python3/dist-packages/colcon_core/task/python/colcon_distutils_commands:/home/me597/ME597/me597_lab4/04/install/task_5/lib/python3.10/site-packages:${PYTHONPATH} /usr/bin/python3 -W ignore:setup.py install is deprecated -W ignore:easy_install command is deprecated setup.py egg_info --egg-base ../build/task_5 build --build-base /home/me597/ME597/me597_lab4/04/build/task_5/build install --record /home/me597/ME597/me597_lab4/04/build/task_5/install.log --single-version-externally-managed install_data
[0.764s] running egg_info
[0.764s] writing ../build/task_5/task_5.egg-info/PKG-INFO
[0.765s] writing dependency_links to ../build/task_5/task_5.egg-info/dependency_links.txt
[0.765s] writing entry points to ../build/task_5/task_5.egg-info/entry_points.txt
[0.766s] writing requirements to ../build/task_5/task_5.egg-info/requires.txt
[0.766s] writing top-level names to ../build/task_5/task_5.egg-info/top_level.txt
[0.767s] reading manifest file '../build/task_5/task_5.egg-info/SOURCES.txt'
[0.768s] adding license file 'LICENSE'
[0.768s] writing manifest file '../build/task_5/task_5.egg-info/SOURCES.txt'
[0.769s] running build
[0.769s] running build_py
[0.769s] running install
[0.769s] running install_lib
[0.770s] running install_data
[0.770s] running install_egg_info
[0.771s] removing '/home/me597/ME597/me597_lab4/04/install/task_5/lib/python3.10/site-packages/task_5-0.0.0-py3.10.egg-info' (and everything under it)
[0.773s] Copying ../build/task_5/task_5.egg-info to /home/me597/ME597/me597_lab4/04/install/task_5/lib/python3.10/site-packages/task_5-0.0.0-py3.10.egg-info
[0.774s] running install_scripts
[0.803s] Installing image_publisher script to /home/me597/ME597/me597_lab4/04/install/task_5/lib/task_5
[0.803s] Installing object_detector script to /home/me597/ME597/me597_lab4/04/install/task_5/lib/task_5
[0.804s] writing list of installed files to '/home/me597/ME597/me597_lab4/04/build/task_5/install.log'
[0.825s] Invoked command in '/home/me597/ME597/me597_lab4/04/task_5' returned '0': PYTHONPATH=/home/me597/ME597/me597_lab4/04/build/task_5/prefix_override:/usr/lib/python3/dist-packages/colcon_core/task/python/colcon_distutils_commands:/home/me597/ME597/me597_lab4/04/install/task_5/lib/python3.10/site-packages:${PYTHONPATH} /usr/bin/python3 -W ignore:setup.py install is deprecated -W ignore:easy_install command is deprecated setup.py egg_info --egg-base ../build/task_5 build --build-base /home/me597/ME597/me597_lab4/04/build/task_5/build install --record /home/me597/ME597/me597_lab4/04/build/task_5/install.log --single-version-externally-managed install_data
