[0.632s] Invoking command in '/home/me597/ME597/me597_lab4/04/task_5': PYTHONPATH=/home/me597/ME597/me597_lab4/04/build/task_5/prefix_override:/usr/lib/python3/dist-packages/colcon_core/task/python/colcon_distutils_commands:/home/me597/ME597/me597_lab4/04/install/task_5/lib/python3.10/site-packages:${PYTHONPATH} /usr/bin/python3 -W ignore:setup.py install is deprecated -W ignore:easy_install command is deprecated setup.py egg_info --egg-base ../build/task_5 build --build-base /home/me597/ME597/me597_lab4/04/build/task_5/build install --record /home/me597/ME597/me597_lab4/04/build/task_5/install.log --single-version-externally-managed install_data
[0.820s] running egg_info
[0.820s] writing ../build/task_5/task_5.egg-info/PKG-INFO
[0.820s] writing dependency_links to ../build/task_5/task_5.egg-info/dependency_links.txt
[0.820s] writing entry points to ../build/task_5/task_5.egg-info/entry_points.txt
[0.821s] writing requirements to ../build/task_5/task_5.egg-info/requires.txt
[0.821s] writing top-level names to ../build/task_5/task_5.egg-info/top_level.txt
[0.822s] reading manifest file '../build/task_5/task_5.egg-info/SOURCES.txt'
[0.824s] adding license file 'LICENSE'
[0.824s] writing manifest file '../build/task_5/task_5.egg-info/SOURCES.txt'
[0.825s] running build
[0.825s] running build_py
[0.825s] copying task_5/object_detector.py -> /home/me597/ME597/me597_lab4/04/build/task_5/build/lib/task_5
[0.827s] running install
[0.828s] running install_lib
[0.830s] copying /home/me597/ME597/me597_lab4/04/build/task_5/build/lib/task_5/object_detector.py -> /home/me597/ME597/me597_lab4/04/install/task_5/lib/python3.10/site-packages/task_5
[0.833s] byte-compiling /home/me597/ME597/me597_lab4/04/install/task_5/lib/python3.10/site-packages/task_5/object_detector.py to object_detector.cpython-310.pyc
[0.835s] running install_data
[0.835s] running install_egg_info
[0.837s] removing '/home/me597/ME597/me597_lab4/04/install/task_5/lib/python3.10/site-packages/task_5-0.0.0-py3.10.egg-info' (and everything under it)
[0.843s] Copying ../build/task_5/task_5.egg-info to /home/me597/ME597/me597_lab4/04/install/task_5/lib/python3.10/site-packages/task_5-0.0.0-py3.10.egg-info
[0.844s] running install_scripts
[0.864s] Installing image_publisher script to /home/me597/ME597/me597_lab4/04/install/task_5/lib/task_5
[0.864s] Installing object_detector script to /home/me597/ME597/me597_lab4/04/install/task_5/lib/task_5
[0.864s] writing list of installed files to '/home/me597/ME597/me597_lab4/04/build/task_5/install.log'
[0.905s] Invoked command in '/home/me597/ME597/me597_lab4/04/task_5' returned '0': PYTHONPATH=/home/me597/ME597/me597_lab4/04/build/task_5/prefix_override:/usr/lib/python3/dist-packages/colcon_core/task/python/colcon_distutils_commands:/home/me597/ME597/me597_lab4/04/install/task_5/lib/python3.10/site-packages:${PYTHONPATH} /usr/bin/python3 -W ignore:setup.py install is deprecated -W ignore:easy_install command is deprecated setup.py egg_info --egg-base ../build/task_5 build --build-base /home/me597/ME597/me597_lab4/04/build/task_5/build install --record /home/me597/ME597/me597_lab4/04/build/task_5/install.log --single-version-externally-managed install_data
