[0.115s] DEBUG:colcon:Command line arguments: ['/usr/bin/colcon', 'build']
[0.115s] DEBUG:colcon:Parsed command line arguments: Namespace(log_base=None, log_level=None, verb_name='build', build_base='build', install_base='install', merge_install=False, symlink_install=False, test_result_base=None, continue_on_error=False, executor='parallel', parallel_workers=4, event_handlers=None, ignore_user_meta=False, metas=['./colcon.meta'], base_paths=['.'], packages_ignore=None, packages_ignore_regex=None, paths=None, packages_up_to=None, packages_up_to_regex=None, packages_above=None, packages_above_and_dependencies=None, packages_above_depth=None, packages_select_by_dep=None, packages_skip_by_dep=None, packages_skip_up_to=None, packages_select_build_failed=False, packages_skip_build_finished=False, packages_select_test_failures=False, packages_skip_test_passed=False, packages_select=None, packages_skip=None, packages_select_regex=None, packages_skip_regex=None, packages_start=None, packages_end=None, allow_overriding=[], cmake_args=None, cmake_target=None, cmake_target_skip_unavailable=False, cmake_clean_cache=False, cmake_clean_first=False, cmake_force_configure=False, ament_cmake_args=None, catkin_cmake_args=None, catkin_skip_building_tests=False, mixin_files=None, mixin=None, verb_parser=<colcon_mixin.mixin.mixin_argument.MixinArgumentDecorator object at 0x7f9a3413e440>, verb_extension=<colcon_core.verb.build.BuildVerb object at 0x7f9a3413d9c0>, main=<bound method BuildVerb.main of <colcon_core.verb.build.BuildVerb object at 0x7f9a3413d9c0>>, mixin_verb=('build',))
[0.289s] Level 1:colcon.colcon_core.package_discovery:discover_packages(colcon_meta) check parameters
[0.289s] Level 1:colcon.colcon_core.package_discovery:discover_packages(recursive) check parameters
[0.289s] Level 1:colcon.colcon_core.package_discovery:discover_packages(ignore) check parameters
[0.289s] Level 1:colcon.colcon_core.package_discovery:discover_packages(path) check parameters
[0.289s] Level 1:colcon.colcon_core.package_discovery:discover_packages(colcon_meta) discover
[0.289s] Level 1:colcon.colcon_core.package_discovery:discover_packages(recursive) discover
[0.289s] INFO:colcon.colcon_core.package_discovery:Crawling recursively for packages in '/home/me597/ME597/me597_lab4/04'
[0.289s] Level 1:colcon.colcon_core.package_identification:_identify(.) by extensions ['ignore', 'ignore_ament_install']
[0.290s] Level 1:colcon.colcon_core.package_identification:_identify(.) by extension 'ignore'
[0.290s] Level 1:colcon.colcon_core.package_identification:_identify(.) by extension 'ignore_ament_install'
[0.290s] Level 1:colcon.colcon_core.package_identification:_identify(.) by extensions ['colcon_pkg']
[0.290s] Level 1:colcon.colcon_core.package_identification:_identify(.) by extension 'colcon_pkg'
[0.290s] Level 1:colcon.colcon_core.package_identification:_identify(.) by extensions ['colcon_meta']
[0.290s] Level 1:colcon.colcon_core.package_identification:_identify(.) by extension 'colcon_meta'
[0.290s] Level 1:colcon.colcon_core.package_identification:_identify(.) by extensions ['ros']
[0.290s] Level 1:colcon.colcon_core.package_identification:_identify(.) by extension 'ros'
[0.322s] Level 1:colcon.colcon_core.package_identification:_identify(.) by extensions ['cmake', 'python']
[0.323s] Level 1:colcon.colcon_core.package_identification:_identify(.) by extension 'cmake'
[0.323s] Level 1:colcon.colcon_core.package_identification:_identify(.) by extension 'python'
[0.323s] Level 1:colcon.colcon_core.package_identification:_identify(.) by extensions ['python_setup_py']
[0.323s] Level 1:colcon.colcon_core.package_identification:_identify(.) by extension 'python_setup_py'
[0.323s] Level 1:colcon.colcon_core.package_identification:_identify(build) by extensions ['ignore', 'ignore_ament_install']
[0.323s] Level 1:colcon.colcon_core.package_identification:_identify(build) by extension 'ignore'
[0.323s] Level 1:colcon.colcon_core.package_identification:_identify(build) ignored
[0.323s] Level 1:colcon.colcon_core.package_identification:_identify(install) by extensions ['ignore', 'ignore_ament_install']
[0.323s] Level 1:colcon.colcon_core.package_identification:_identify(install) by extension 'ignore'
[0.323s] Level 1:colcon.colcon_core.package_identification:_identify(install) ignored
[0.323s] Level 1:colcon.colcon_core.package_identification:_identify(log) by extensions ['ignore', 'ignore_ament_install']
[0.323s] Level 1:colcon.colcon_core.package_identification:_identify(log) by extension 'ignore'
[0.323s] Level 1:colcon.colcon_core.package_identification:_identify(log) ignored
[0.323s] Level 1:colcon.colcon_core.package_identification:_identify(task_5) by extensions ['ignore', 'ignore_ament_install']
[0.323s] Level 1:colcon.colcon_core.package_identification:_identify(task_5) by extension 'ignore'
[0.323s] Level 1:colcon.colcon_core.package_identification:_identify(task_5) by extension 'ignore_ament_install'
[0.323s] Level 1:colcon.colcon_core.package_identification:_identify(task_5) by extensions ['colcon_pkg']
[0.323s] Level 1:colcon.colcon_core.package_identification:_identify(task_5) by extension 'colcon_pkg'
[0.323s] Level 1:colcon.colcon_core.package_identification:_identify(task_5) by extensions ['colcon_meta']
[0.324s] Level 1:colcon.colcon_core.package_identification:_identify(task_5) by extension 'colcon_meta'
[0.324s] Level 1:colcon.colcon_core.package_identification:_identify(task_5) by extensions ['ros']
[0.324s] Level 1:colcon.colcon_core.package_identification:_identify(task_5) by extension 'ros'
[0.326s] DEBUG:colcon.colcon_core.package_identification:Package 'task_5' with type 'ros.ament_python' and name 'task_5'
[0.326s] Level 1:colcon.colcon_core.package_identification:_identify(task_6) by extensions ['ignore', 'ignore_ament_install']
[0.326s] Level 1:colcon.colcon_core.package_identification:_identify(task_6) by extension 'ignore'
[0.326s] Level 1:colcon.colcon_core.package_identification:_identify(task_6) by extension 'ignore_ament_install'
[0.326s] Level 1:colcon.colcon_core.package_identification:_identify(task_6) by extensions ['colcon_pkg']
[0.326s] Level 1:colcon.colcon_core.package_identification:_identify(task_6) by extension 'colcon_pkg'
[0.326s] Level 1:colcon.colcon_core.package_identification:_identify(task_6) by extensions ['colcon_meta']
[0.326s] Level 1:colcon.colcon_core.package_identification:_identify(task_6) by extension 'colcon_meta'
[0.326s] Level 1:colcon.colcon_core.package_identification:_identify(task_6) by extensions ['ros']
[0.326s] Level 1:colcon.colcon_core.package_identification:_identify(task_6) by extension 'ros'
[0.327s] DEBUG:colcon.colcon_core.package_identification:Package 'task_6' with type 'ros.ament_python' and name 'task_6'
[0.327s] Level 1:colcon.colcon_core.package_discovery:discover_packages(recursive) using defaults
[0.327s] Level 1:colcon.colcon_core.package_discovery:discover_packages(ignore) discover
[0.327s] Level 1:colcon.colcon_core.package_discovery:discover_packages(ignore) using defaults
[0.327s] Level 1:colcon.colcon_core.package_discovery:discover_packages(path) discover
[0.327s] Level 1:colcon.colcon_core.package_discovery:discover_packages(path) using defaults
[0.349s] Level 1:colcon.colcon_core.package_discovery:discover_packages(prefix_path) check parameters
[0.349s] Level 1:colcon.colcon_core.package_discovery:discover_packages(prefix_path) discover
[0.351s] DEBUG:colcon.colcon_installed_package_information.package_discovery:Found 2 installed packages in /home/me597/ME597/me597_lab4/04/install
[0.351s] DEBUG:colcon.colcon_installed_package_information.package_discovery:Found 1 installed packages in /home/me597/ME597/me597_lab3/04/install
[0.351s] DEBUG:colcon.colcon_installed_package_information.package_discovery:Found 1 installed packages in /home/me597/ME597/me597_lab2/install
[0.352s] DEBUG:colcon.colcon_installed_package_information.package_discovery:Found 2 installed packages in /home/me597/ros2/sim_ws/install
[0.353s] DEBUG:colcon.colcon_installed_package_information.package_discovery:Found 331 installed packages in /opt/ros/humble
[0.354s] Level 1:colcon.colcon_core.package_discovery:discover_packages(prefix_path) using defaults
[0.389s] Level 5:colcon.colcon_core.verb:set package 'task_5' build argument 'cmake_args' from command line to 'None'
[0.389s] Level 5:colcon.colcon_core.verb:set package 'task_5' build argument 'cmake_target' from command line to 'None'
[0.389s] Level 5:colcon.colcon_core.verb:set package 'task_5' build argument 'cmake_target_skip_unavailable' from command line to 'False'
[0.389s] Level 5:colcon.colcon_core.verb:set package 'task_5' build argument 'cmake_clean_cache' from command line to 'False'
[0.389s] Level 5:colcon.colcon_core.verb:set package 'task_5' build argument 'cmake_clean_first' from command line to 'False'
[0.389s] Level 5:colcon.colcon_core.verb:set package 'task_5' build argument 'cmake_force_configure' from command line to 'False'
[0.389s] Level 5:colcon.colcon_core.verb:set package 'task_5' build argument 'ament_cmake_args' from command line to 'None'
[0.389s] Level 5:colcon.colcon_core.verb:set package 'task_5' build argument 'catkin_cmake_args' from command line to 'None'
[0.389s] Level 5:colcon.colcon_core.verb:set package 'task_5' build argument 'catkin_skip_building_tests' from command line to 'False'
[0.390s] DEBUG:colcon.colcon_core.verb:Building package 'task_5' with the following arguments: {'ament_cmake_args': None, 'build_base': '/home/me597/ME597/me597_lab4/04/build/task_5', 'catkin_cmake_args': None, 'catkin_skip_building_tests': False, 'cmake_args': None, 'cmake_clean_cache': False, 'cmake_clean_first': False, 'cmake_force_configure': False, 'cmake_target': None, 'cmake_target_skip_unavailable': False, 'install_base': '/home/me597/ME597/me597_lab4/04/install/task_5', 'merge_install': False, 'path': '/home/me597/ME597/me597_lab4/04/task_5', 'symlink_install': False, 'test_result_base': None}
[0.390s] Level 5:colcon.colcon_core.verb:set package 'task_6' build argument 'cmake_args' from command line to 'None'
[0.390s] Level 5:colcon.colcon_core.verb:set package 'task_6' build argument 'cmake_target' from command line to 'None'
[0.390s] Level 5:colcon.colcon_core.verb:set package 'task_6' build argument 'cmake_target_skip_unavailable' from command line to 'False'
[0.390s] Level 5:colcon.colcon_core.verb:set package 'task_6' build argument 'cmake_clean_cache' from command line to 'False'
[0.390s] Level 5:colcon.colcon_core.verb:set package 'task_6' build argument 'cmake_clean_first' from command line to 'False'
[0.390s] Level 5:colcon.colcon_core.verb:set package 'task_6' build argument 'cmake_force_configure' from command line to 'False'
[0.390s] Level 5:colcon.colcon_core.verb:set package 'task_6' build argument 'ament_cmake_args' from command line to 'None'
[0.390s] Level 5:colcon.colcon_core.verb:set package 'task_6' build argument 'catkin_cmake_args' from command line to 'None'
[0.390s] Level 5:colcon.colcon_core.verb:set package 'task_6' build argument 'catkin_skip_building_tests' from command line to 'False'
[0.390s] DEBUG:colcon.colcon_core.verb:Building package 'task_6' with the following arguments: {'ament_cmake_args': None, 'build_base': '/home/me597/ME597/me597_lab4/04/build/task_6', 'catkin_cmake_args': None, 'catkin_skip_building_tests': False, 'cmake_args': None, 'cmake_clean_cache': False, 'cmake_clean_first': False, 'cmake_force_configure': False, 'cmake_target': None, 'cmake_target_skip_unavailable': False, 'install_base': '/home/me597/ME597/me597_lab4/04/install/task_6', 'merge_install': False, 'path': '/home/me597/ME597/me597_lab4/04/task_6', 'symlink_install': False, 'test_result_base': None}
[0.390s] INFO:colcon.colcon_core.executor:Executing jobs using 'parallel' executor
[0.392s] DEBUG:colcon.colcon_parallel_executor.executor.parallel:run_until_complete
[0.392s] INFO:colcon.colcon_ros.task.ament_python.build:Building ROS package in '/home/me597/ME597/me597_lab4/04/task_5' with build type 'ament_python'
[0.392s] Level 1:colcon.colcon_core.shell:create_environment_hook('task_5', 'ament_prefix_path')
[0.394s] INFO:colcon.colcon_core.plugin_system:Skipping extension 'colcon_core.shell.bat': Not used on non-Windows systems
[0.395s] INFO:colcon.colcon_core.shell:Creating environment hook '/home/me597/ME597/me597_lab4/04/install/task_5/share/task_5/hook/ament_prefix_path.ps1'
[0.396s] INFO:colcon.colcon_core.shell:Creating environment descriptor '/home/me597/ME597/me597_lab4/04/install/task_5/share/task_5/hook/ament_prefix_path.dsv'
[0.396s] INFO:colcon.colcon_core.shell:Creating environment hook '/home/me597/ME597/me597_lab4/04/install/task_5/share/task_5/hook/ament_prefix_path.sh'
[0.397s] INFO:colcon.colcon_core.shell:Skip shell extension 'powershell' for command environment: Not usable outside of PowerShell
[0.397s] DEBUG:colcon.colcon_core.shell:Skip shell extension 'dsv' for command environment
[0.402s] INFO:colcon.colcon_ros.task.ament_python.build:Building ROS package in '/home/me597/ME597/me597_lab4/04/task_6' with build type 'ament_python'
[0.403s] Level 1:colcon.colcon_core.shell:create_environment_hook('task_6', 'ament_prefix_path')
[0.403s] INFO:colcon.colcon_core.shell:Creating environment hook '/home/me597/ME597/me597_lab4/04/install/task_6/share/task_6/hook/ament_prefix_path.ps1'
[0.403s] INFO:colcon.colcon_core.shell:Creating environment descriptor '/home/me597/ME597/me597_lab4/04/install/task_6/share/task_6/hook/ament_prefix_path.dsv'
[0.404s] INFO:colcon.colcon_core.shell:Creating environment hook '/home/me597/ME597/me597_lab4/04/install/task_6/share/task_6/hook/ament_prefix_path.sh'
[0.406s] INFO:colcon.colcon_core.shell:Skip shell extension 'powershell' for command environment: Not usable outside of PowerShell
[0.407s] DEBUG:colcon.colcon_core.shell:Skip shell extension 'dsv' for command environment
[0.645s] INFO:colcon.colcon_core.task.python.build:Building Python package in '/home/me597/ME597/me597_lab4/04/task_5'
[0.645s] INFO:colcon.colcon_core.shell:Skip shell extension 'powershell' for command environment: Not usable outside of PowerShell
[0.645s] DEBUG:colcon.colcon_core.shell:Skip shell extension 'dsv' for command environment
[0.941s] INFO:colcon.colcon_core.task.python.build:Building Python package in '/home/me597/ME597/me597_lab4/04/task_6'
[0.942s] INFO:colcon.colcon_core.shell:Skip shell extension 'powershell' for command environment: Not usable outside of PowerShell
[0.942s] DEBUG:colcon.colcon_core.shell:Skip shell extension 'dsv' for command environment
[1.472s] DEBUG:colcon.colcon_core.event_handler.log_command:Invoking command in '/home/me597/ME597/me597_lab4/04/task_5': PYTHONPATH=/home/me597/ME597/me597_lab4/04/build/task_5/prefix_override:/usr/lib/python3/dist-packages/colcon_core/task/python/colcon_distutils_commands:/home/me597/ME597/me597_lab4/04/install/task_5/lib/python3.10/site-packages:${PYTHONPATH} /usr/bin/python3 -W ignore:setup.py install is deprecated -W ignore:easy_install command is deprecated setup.py egg_info --egg-base ../build/task_5 build --build-base /home/me597/ME597/me597_lab4/04/build/task_5/build install --record /home/me597/ME597/me597_lab4/04/build/task_5/install.log --single-version-externally-managed install_data
[1.479s] DEBUG:colcon.colcon_core.event_handler.log_command:Invoking command in '/home/me597/ME597/me597_lab4/04/task_6': PYTHONPATH=/home/me597/ME597/me597_lab4/04/build/task_6/prefix_override:/usr/lib/python3/dist-packages/colcon_core/task/python/colcon_distutils_commands:/home/me597/ME597/me597_lab4/04/install/task_6/lib/python3.10/site-packages:${PYTHONPATH} /usr/bin/python3 -W ignore:setup.py install is deprecated -W ignore:easy_install command is deprecated setup.py egg_info --egg-base ../build/task_6 build --build-base /home/me597/ME597/me597_lab4/04/build/task_6/build install --record /home/me597/ME597/me597_lab4/04/build/task_6/install.log --single-version-externally-managed install_data
[1.916s] DEBUG:colcon.colcon_core.event_handler.log_command:Invoked command in '/home/me597/ME597/me597_lab4/04/task_5' returned '0': PYTHONPATH=/home/me597/ME597/me597_lab4/04/build/task_5/prefix_override:/usr/lib/python3/dist-packages/colcon_core/task/python/colcon_distutils_commands:/home/me597/ME597/me597_lab4/04/install/task_5/lib/python3.10/site-packages:${PYTHONPATH} /usr/bin/python3 -W ignore:setup.py install is deprecated -W ignore:easy_install command is deprecated setup.py egg_info --egg-base ../build/task_5 build --build-base /home/me597/ME597/me597_lab4/04/build/task_5/build install --record /home/me597/ME597/me597_lab4/04/build/task_5/install.log --single-version-externally-managed install_data
[1.919s] Level 1:colcon.colcon_core.environment:checking '/home/me597/ME597/me597_lab4/04/install/task_5' for CMake module files
[1.920s] Level 1:colcon.colcon_core.environment:checking '/home/me597/ME597/me597_lab4/04/install/task_5' for CMake config files
[1.921s] Level 1:colcon.colcon_core.environment:checking '/home/me597/ME597/me597_lab4/04/install/task_5/lib'
[1.921s] Level 1:colcon.colcon_core.environment:checking '/home/me597/ME597/me597_lab4/04/install/task_5/bin'
[1.921s] Level 1:colcon.colcon_core.environment:checking '/home/me597/ME597/me597_lab4/04/install/task_5/lib/pkgconfig/task_5.pc'
[1.922s] Level 1:colcon.colcon_core.environment:checking '/home/me597/ME597/me597_lab4/04/install/task_5/lib/python3.10/site-packages'
[1.922s] Level 1:colcon.colcon_core.shell:create_environment_hook('task_5', 'pythonpath')
[1.922s] INFO:colcon.colcon_core.shell:Creating environment hook '/home/me597/ME597/me597_lab4/04/install/task_5/share/task_5/hook/pythonpath.ps1'
[1.923s] INFO:colcon.colcon_core.shell:Creating environment descriptor '/home/me597/ME597/me597_lab4/04/install/task_5/share/task_5/hook/pythonpath.dsv'
[1.924s] INFO:colcon.colcon_core.shell:Creating environment hook '/home/me597/ME597/me597_lab4/04/install/task_5/share/task_5/hook/pythonpath.sh'
[1.926s] Level 1:colcon.colcon_core.environment:checking '/home/me597/ME597/me597_lab4/04/install/task_5/bin'
[1.926s] Level 1:colcon.colcon_core.environment:create_environment_scripts_only(task_5)
[1.927s] INFO:colcon.colcon_core.shell:Creating package script '/home/me597/ME597/me597_lab4/04/install/task_5/share/task_5/package.ps1'
[1.928s] INFO:colcon.colcon_core.shell:Creating package descriptor '/home/me597/ME597/me597_lab4/04/install/task_5/share/task_5/package.dsv'
[1.928s] INFO:colcon.colcon_core.shell:Creating package script '/home/me597/ME597/me597_lab4/04/install/task_5/share/task_5/package.sh'
[1.929s] INFO:colcon.colcon_core.shell:Creating package script '/home/me597/ME597/me597_lab4/04/install/task_5/share/task_5/package.bash'
[1.931s] INFO:colcon.colcon_core.shell:Creating package script '/home/me597/ME597/me597_lab4/04/install/task_5/share/task_5/package.zsh'
[1.932s] Level 1:colcon.colcon_core.environment:create_file_with_runtime_dependencies(/home/me597/ME597/me597_lab4/04/install/task_5/share/colcon-core/packages/task_5)
[1.934s] Level 1:colcon.colcon_core.environment:checking '/home/me597/ME597/me597_lab4/04/install/task_6' for CMake module files
[1.935s] DEBUG:colcon.colcon_core.event_handler.log_command:Invoked command in '/home/me597/ME597/me597_lab4/04/task_6' returned '0': PYTHONPATH=/home/me597/ME597/me597_lab4/04/build/task_6/prefix_override:/usr/lib/python3/dist-packages/colcon_core/task/python/colcon_distutils_commands:/home/me597/ME597/me597_lab4/04/install/task_6/lib/python3.10/site-packages:${PYTHONPATH} /usr/bin/python3 -W ignore:setup.py install is deprecated -W ignore:easy_install command is deprecated setup.py egg_info --egg-base ../build/task_6 build --build-base /home/me597/ME597/me597_lab4/04/build/task_6/build install --record /home/me597/ME597/me597_lab4/04/build/task_6/install.log --single-version-externally-managed install_data
[1.935s] Level 1:colcon.colcon_core.environment:checking '/home/me597/ME597/me597_lab4/04/install/task_6' for CMake config files
[1.936s] Level 1:colcon.colcon_core.environment:checking '/home/me597/ME597/me597_lab4/04/install/task_6/lib'
[1.937s] Level 1:colcon.colcon_core.environment:checking '/home/me597/ME597/me597_lab4/04/install/task_6/bin'
[1.937s] Level 1:colcon.colcon_core.environment:checking '/home/me597/ME597/me597_lab4/04/install/task_6/lib/pkgconfig/task_6.pc'
[1.937s] Level 1:colcon.colcon_core.environment:checking '/home/me597/ME597/me597_lab4/04/install/task_6/lib/python3.10/site-packages'
[1.937s] Level 1:colcon.colcon_core.shell:create_environment_hook('task_6', 'pythonpath')
[1.938s] INFO:colcon.colcon_core.shell:Creating environment hook '/home/me597/ME597/me597_lab4/04/install/task_6/share/task_6/hook/pythonpath.ps1'
[1.939s] INFO:colcon.colcon_core.shell:Creating environment descriptor '/home/me597/ME597/me597_lab4/04/install/task_6/share/task_6/hook/pythonpath.dsv'
[1.940s] INFO:colcon.colcon_core.shell:Creating environment hook '/home/me597/ME597/me597_lab4/04/install/task_6/share/task_6/hook/pythonpath.sh'
[1.941s] Level 1:colcon.colcon_core.environment:checking '/home/me597/ME597/me597_lab4/04/install/task_6/bin'
[1.941s] Level 1:colcon.colcon_core.environment:create_environment_scripts_only(task_6)
[1.941s] INFO:colcon.colcon_core.shell:Creating package script '/home/me597/ME597/me597_lab4/04/install/task_6/share/task_6/package.ps1'
[1.942s] INFO:colcon.colcon_core.shell:Creating package descriptor '/home/me597/ME597/me597_lab4/04/install/task_6/share/task_6/package.dsv'
[1.943s] INFO:colcon.colcon_core.shell:Creating package script '/home/me597/ME597/me597_lab4/04/install/task_6/share/task_6/package.sh'
[1.944s] INFO:colcon.colcon_core.shell:Creating package script '/home/me597/ME597/me597_lab4/04/install/task_6/share/task_6/package.bash'
[1.945s] INFO:colcon.colcon_core.shell:Creating package script '/home/me597/ME597/me597_lab4/04/install/task_6/share/task_6/package.zsh'
[1.945s] Level 1:colcon.colcon_core.environment:create_file_with_runtime_dependencies(/home/me597/ME597/me597_lab4/04/install/task_6/share/colcon-core/packages/task_6)
[1.946s] DEBUG:colcon.colcon_parallel_executor.executor.parallel:closing loop
[1.947s] DEBUG:colcon.colcon_parallel_executor.executor.parallel:loop closed
[1.947s] DEBUG:colcon.colcon_parallel_executor.executor.parallel:run_until_complete finished with '0'
[1.948s] DEBUG:colcon.colcon_core.event_reactor:joining thread
[1.958s] INFO:colcon.colcon_core.plugin_system:Skipping extension 'colcon_notification.desktop_notification.terminal_notifier': Not used on non-Darwin systems
[1.958s] INFO:colcon.colcon_core.plugin_system:Skipping extension 'colcon_notification.desktop_notification.win32': Not used on non-Windows systems
[1.959s] INFO:colcon.colcon_notification.desktop_notification:Sending desktop notification using 'notify2'
[1.984s] DEBUG:colcon.colcon_core.event_reactor:joined thread
[1.985s] INFO:colcon.colcon_core.shell:Creating prefix script '/home/me597/ME597/me597_lab4/04/install/local_setup.ps1'
[1.987s] INFO:colcon.colcon_core.shell:Creating prefix util module '/home/me597/ME597/me597_lab4/04/install/_local_setup_util_ps1.py'
[1.988s] INFO:colcon.colcon_core.shell:Creating prefix chain script '/home/me597/ME597/me597_lab4/04/install/setup.ps1'
[1.990s] INFO:colcon.colcon_core.shell:Creating prefix script '/home/me597/ME597/me597_lab4/04/install/local_setup.sh'
[1.991s] INFO:colcon.colcon_core.shell:Creating prefix util module '/home/me597/ME597/me597_lab4/04/install/_local_setup_util_sh.py'
[1.991s] INFO:colcon.colcon_core.shell:Creating prefix chain script '/home/me597/ME597/me597_lab4/04/install/setup.sh'
[1.993s] INFO:colcon.colcon_core.shell:Creating prefix script '/home/me597/ME597/me597_lab4/04/install/local_setup.bash'
[1.994s] INFO:colcon.colcon_core.shell:Creating prefix chain script '/home/me597/ME597/me597_lab4/04/install/setup.bash'
[1.996s] INFO:colcon.colcon_core.shell:Creating prefix script '/home/me597/ME597/me597_lab4/04/install/local_setup.zsh'
[1.997s] INFO:colcon.colcon_core.shell:Creating prefix chain script '/home/me597/ME597/me597_lab4/04/install/setup.zsh'
