[1.342s] Invoking command in '/home/me597/ME597/me597_lab4/04/task_5': PYTHONPATH=/home/me597/ME597/me597_lab4/04/build/task_5/prefix_override:/usr/lib/python3/dist-packages/colcon_core/task/python/colcon_distutils_commands:/home/me597/ME597/me597_lab4/04/install/task_5/lib/python3.10/site-packages:${PYTHONPATH} /usr/bin/python3 -W ignore:setup.py install is deprecated -W ignore:easy_install command is deprecated setup.py egg_info --egg-base ../build/task_5 build --build-base /home/me597/ME597/me597_lab4/04/build/task_5/build install --record /home/me597/ME597/me597_lab4/04/build/task_5/install.log --single-version-externally-managed install_data
[1.649s] running egg_info
[1.649s] creating ../build/task_5/task_5.egg-info
[1.651s] writing ../build/task_5/task_5.egg-info/PKG-INFO
[1.651s] writing dependency_links to ../build/task_5/task_5.egg-info/dependency_links.txt
[1.651s] writing entry points to ../build/task_5/task_5.egg-info/entry_points.txt
[1.651s] writing requirements to ../build/task_5/task_5.egg-info/requires.txt
[1.653s] writing top-level names to ../build/task_5/task_5.egg-info/top_level.txt
[1.653s] writing manifest file '../build/task_5/task_5.egg-info/SOURCES.txt'
[1.658s] reading manifest file '../build/task_5/task_5.egg-info/SOURCES.txt'
[1.658s] adding license file 'LICENSE'
[1.658s] writing manifest file '../build/task_5/task_5.egg-info/SOURCES.txt'
[1.658s] running build
[1.658s] running build_py
[1.658s] creating /home/me597/ME597/me597_lab4/04/build/task_5/build
[1.659s] creating /home/me597/ME597/me597_lab4/04/build/task_5/build/lib
[1.659s] creating /home/me597/ME597/me597_lab4/04/build/task_5/build/lib/task_5
[1.660s] copying task_5/image_publisher.py -> /home/me597/ME597/me597_lab4/04/build/task_5/build/lib/task_5
[1.661s] copying task_5/object_detector.py -> /home/me597/ME597/me597_lab4/04/build/task_5/build/lib/task_5
[1.662s] copying task_5/__init__.py -> /home/me597/ME597/me597_lab4/04/build/task_5/build/lib/task_5
[1.663s] running install
[1.663s] running install_lib
[1.664s] creating /home/me597/ME597/me597_lab4/04/install/task_5/lib/python3.10/site-packages/task_5
[1.665s] copying /home/me597/ME597/me597_lab4/04/build/task_5/build/lib/task_5/image_publisher.py -> /home/me597/ME597/me597_lab4/04/install/task_5/lib/python3.10/site-packages/task_5
[1.665s] copying /home/me597/ME597/me597_lab4/04/build/task_5/build/lib/task_5/object_detector.py -> /home/me597/ME597/me597_lab4/04/install/task_5/lib/python3.10/site-packages/task_5
[1.666s] copying /home/me597/ME597/me597_lab4/04/build/task_5/build/lib/task_5/__init__.py -> /home/me597/ME597/me597_lab4/04/install/task_5/lib/python3.10/site-packages/task_5
[1.667s] byte-compiling /home/me597/ME597/me597_lab4/04/install/task_5/lib/python3.10/site-packages/task_5/image_publisher.py to image_publisher.cpython-310.pyc
[1.668s] byte-compiling /home/me597/ME597/me597_lab4/04/install/task_5/lib/python3.10/site-packages/task_5/object_detector.py to object_detector.cpython-310.pyc
[1.669s] byte-compiling /home/me597/ME597/me597_lab4/04/install/task_5/lib/python3.10/site-packages/task_5/__init__.py to __init__.cpython-310.pyc
[1.670s] running install_data
[1.670s] creating /home/me597/ME597/me597_lab4/04/install/task_5/share/ament_index
[1.670s] creating /home/me597/ME597/me597_lab4/04/install/task_5/share/ament_index/resource_index
[1.671s] creating /home/me597/ME597/me597_lab4/04/install/task_5/share/ament_index/resource_index/packages
[1.673s] copying resource/task_5 -> /home/me597/ME597/me597_lab4/04/install/task_5/share/ament_index/resource_index/packages
[1.674s] copying package.xml -> /home/me597/ME597/me597_lab4/04/install/task_5/share/task_5
[1.675s] creating /home/me597/ME597/me597_lab4/04/install/task_5/share/task_5/resource
[1.676s] copying resource/lab3_video.avi -> /home/me597/ME597/me597_lab4/04/install/task_5/share/task_5/resource
[2.061s] running install_egg_info
[2.063s] Copying ../build/task_5/task_5.egg-info to /home/me597/ME597/me597_lab4/04/install/task_5/lib/python3.10/site-packages/task_5-0.0.0-py3.10.egg-info
[2.068s] running install_scripts
[2.098s] Installing image_publisher script to /home/me597/ME597/me597_lab4/04/install/task_5/lib/task_5
[2.099s] Installing object_detector script to /home/me597/ME597/me597_lab4/04/install/task_5/lib/task_5
[2.100s] writing list of installed files to '/home/me597/ME597/me597_lab4/04/build/task_5/install.log'
[2.136s] Invoked command in '/home/me597/ME597/me597_lab4/04/task_5' returned '0': PYTHONPATH=/home/me597/ME597/me597_lab4/04/build/task_5/prefix_override:/usr/lib/python3/dist-packages/colcon_core/task/python/colcon_distutils_commands:/home/me597/ME597/me597_lab4/04/install/task_5/lib/python3.10/site-packages:${PYTHONPATH} /usr/bin/python3 -W ignore:setup.py install is deprecated -W ignore:easy_install command is deprecated setup.py egg_info --egg-base ../build/task_5 build --build-base /home/me597/ME597/me597_lab4/04/build/task_5/build install --record /home/me597/ME597/me597_lab4/04/build/task_5/install.log --single-version-externally-managed install_data
